<?xml version="1.0" encoding="UTF-8"?>
<testsuite xmlns:xsi="http://www.w3.org/2001/XMLSchema-instance" xsi:noNamespaceSchemaLocation="https://maven.apache.org/surefire/maven-surefire-plugin/xsd/surefire-test-report-3.0.xsd" version="3.0" name="com.springboot.demo.HelloWorld.HelloWorldApplicationTests" time="3.845" tests="1" errors="0" skipped="0" failures="0">
  <properties>
[...]
</properties>
  <testcase name="contextLoads" classname="com.springboot.demo.HelloWorld.HelloWorldApplicationTests" time="0.86">
    <system-out><![CDATA[15:00:31.054 [main] INFO org.springframework.test.context.support.AnnotationConfigContextLoaderUtils -- Could not detect default configuration classes for test class [com.springboot.demo.HelloWorld.HelloWorldApplicationTests]: HelloWorldApplicationTests does not declare any static, non-private, non-final, nested classes annotated with @Configuration.
15:00:31.169 [main] INFO org.springframework.boot.test.context.SpringBootTestContextBootstrapper -- Found @SpringBootConfiguration com.springboot.demo.HelloWorld.HelloWorldApplication for test class com.springboot.demo.HelloWorld.HelloWorldApplicationTests

  .   ____          _            __ _ _
 /\\ / ___'_ __ _ _(_)_ __  __ _ \ \ \ \
( ( )\___ | '_ | '_| | '_ \/ _` | \ \ \ \
 \\/  ___)| |_)| | | | | || (_| |  ) ) ) )
  '  |____| .__|_| |_|_| |_\__, | / / / /
 =========|_|==============|___/=/_/_/_/
 :: Spring Boot ::                (v3.1.3)

2023-09-21T15:00:31.651-05:00  INFO 906699 --- [           main] c.s.d.H.HelloWorldApplicationTests       : Starting HelloWorldApplicationTests using Java 17.0.8 with PID 906699 (started by tpool in /home/tpool/Playground/Udemy/Spring2/SpringTutorial/Section1/dev-tools-demo)
2023-09-21T15:00:31.653-05:00  INFO 906699 --- [           main] c.s.d.H.HelloWorldApplicationTests       : No active profile set, falling back to 1 default profile: "default"
2023-09-21T15:00:33.687-05:00  INFO 906699 --- [           main] o.s.b.a.e.web.EndpointLinksResolver      : Exposing 13 endpoint(s) beneath base path '/actuator'
2023-09-21T15:00:33.706-05:00  INFO 906699 --- [           main] o.s.s.web.DefaultSecurityFilterChain     : Will secure any request with [org.springframework.security.web.session.DisableEncodeUrlFilter@3d3c886f, org.springframework.security.web.context.request.async.WebAsyncManagerIntegrationFilter@7d66e544, org.springframework.security.web.context.SecurityContextHolderFilter@1d289d3f, org.springframework.security.web.header.HeaderWriterFilter@8c0a23f, org.springframework.web.filter.CorsFilter@666618d6, org.springframework.security.web.csrf.CsrfFilter@251c8145, org.springframework.security.web.authentication.logout.LogoutFilter@60b5e80d, org.springframework.security.web.authentication.UsernamePasswordAuthenticationFilter@3a11c0eb, org.springframework.security.web.authentication.ui.DefaultLoginPageGeneratingFilter@6a1568d6, org.springframework.security.web.authentication.ui.DefaultLogoutPageGeneratingFilter@5b1c32e4, org.springframework.security.web.authentication.www.BasicAuthenticationFilter@2c9d90fc, org.springframework.security.web.savedrequest.RequestCacheAwareFilter@7f27f59b, org.springframework.security.web.servletapi.SecurityContextHolderAwareRequestFilter@3520958b, org.springframework.security.web.authentication.AnonymousAuthenticationFilter@2bab618, org.springframework.security.web.access.ExceptionTranslationFilter@69796bd0, org.springframework.security.web.access.intercept.AuthorizationFilter@b5aa65b]
2023-09-21T15:00:33.802-05:00  INFO 906699 --- [           main] c.s.d.H.HelloWorldApplicationTests       : Started HelloWorldApplicationTests in 2.461 seconds (process running for 3.427)
]]></system-out>
  </testcase>
</testsuite>